<?xml version="1.0" encoding="UTF-8"?>
<testng-results skipped="0" failed="0" ignored="0" total="1" passed="1">
  <reporter-output>
  </reporter-output>
  <suite name="Suite" duration-ms="23977" started-at="2020-08-22T02:24:52Z" finished-at="2020-08-22T02:25:16Z">
    <groups>
      <group name="cucumber">
        <method signature="AbstractTestNGCucumberTests.runScenario(cucumber.api.testng.PickleEventWrapper, cucumber.api.testng.CucumberFeatureWrapper)[pri:0, instance:com.runner.ZooplaRunner@6580cfdd]" name="runScenario" class="cucumber.api.testng.AbstractTestNGCucumberTests"/>
      </group> <!-- cucumber -->
    </groups>
    <test name="Test" duration-ms="23977" started-at="2020-08-22T02:24:52Z" finished-at="2020-08-22T02:25:16Z">
      <class name="com.runner.ZooplaRunner">
        <test-method status="PASS" signature="setUpClass()[pri:0, instance:com.runner.ZooplaRunner@6580cfdd]" name="setUpClass" is-config="true" duration-ms="92" started-at="2020-08-22T02:24:52Z" finished-at="2020-08-22T02:24:52Z">
          <reporter-output>
          </reporter-output>
        </test-method> <!-- setUpClass -->
        <test-method status="PASS" signature="runScenario(cucumber.api.testng.PickleEventWrapper, cucumber.api.testng.CucumberFeatureWrapper)[pri:0, instance:com.runner.ZooplaRunner@6580cfdd]" name="runScenario" duration-ms="23827" started-at="2020-08-22T02:24:52Z" description="Runs Cucumber Scenarios" data-provider="scenarios" finished-at="2020-08-22T02:25:16Z">
          <params>
            <param index="0">
              <value>
                <![CDATA["Zoopla Automation End to End"]]>
              </value>
            </param>
            <param index="1">
              <value>
                <![CDATA["Zoopla Automation"]]>
              </value>
            </param>
          </params>
          <reporter-output>
          </reporter-output>
        </test-method> <!-- runScenario -->
        <test-method status="PASS" signature="tearDownClass()[pri:0, instance:com.runner.ZooplaRunner@6580cfdd]" name="tearDownClass" is-config="true" duration-ms="25" started-at="2020-08-22T02:25:16Z" finished-at="2020-08-22T02:25:16Z">
          <reporter-output>
          </reporter-output>
        </test-method> <!-- tearDownClass -->
      </class> <!-- com.runner.ZooplaRunner -->
    </test> <!-- Test -->
  </suite> <!-- Suite -->
</testng-results>
